# JRE version: Java(TM) SE Runtime Environment (8.0_151-b12) (build 1.8.0_151-b12)
# Java VM: Java HotSpot(TM) Client VM (25.151-b12 mixed mode windows-x86 )
Heap:
 def new generation   total 4928K, used 2839K [0x04800000, 0x04d50000, 0x09d50000)
  eden space 4416K,  52% used [0x04800000, 0x04a47028, 0x04c50000)
  from space 512K,  99% used [0x04c50000, 0x04ccec98, 0x04cd0000)
  to   space 512K,   0% used [0x04cd0000, 0x04cd0000, 0x04d50000)
 tenured generation   total 10944K, used 2415K [0x09d50000, 0x0a800000, 0x14800000)
   the space 10944K,  22% used [0x09d50000, 0x09fabdc0, 0x09fabe00, 0x0a800000)
 Metaspace       used 7129K, capacity 7329K, committed 7424K, reserved 7552K
GC Heap History (10 events):
Event: 0.440 GC heap before
{Heap before GC invocations=1 (full 0):
 def new generation   total 4928K, used 4928K [0x04800000, 0x04d50000, 0x09d50000)
  eden space 4416K, 100% used [0x04800000, 0x04c50000, 0x04c50000)
  from space 512K, 100% used [0x04cd0000, 0x04d50000, 0x04d50000)
  to   space 512K,   0% used [0x04c50000, 0x04c50000, 0x04cd0000)
 tenured generation   total 10944K, used 377K [0x09d50000, 0x0a800000, 0x14800000)
   the space 10944K,   3% used [0x09d50000, 0x09dae558, 0x09dae600, 0x0a800000)
 Metaspace       used 3660K, capacity 3803K, committed 3904K, reserved 4480K
Event: 0.442 GC heap after
Heap after GC invocations=2 (full 0):
 def new generation   total 4928K, used 317K [0x04800000, 0x04d50000, 0x09d50000)
  eden space 4416K,   0% used [0x04800000, 0x04800000, 0x04c50000)
  from space 512K,  61% used [0x04c50000, 0x04c9f4b8, 0x04cd0000)
  to   space 512K,   0% used [0x04cd0000, 0x04cd0000, 0x04d50000)
 tenured generation   total 10944K, used 884K [0x09d50000, 0x0a800000, 0x14800000)
   the space 10944K,   8% used [0x09d50000, 0x09e2d218, 0x09e2d400, 0x0a800000)
 Metaspace       used 3660K, capacity 3803K, committed 3904K, reserved 4480K
}
Event: 0.575 GC heap before
{Heap before GC invocations=2 (full 0):
 def new generation   total 4928K, used 4733K [0x04800000, 0x04d50000, 0x09d50000)
  eden space 4416K, 100% used [0x04800000, 0x04c50000, 0x04c50000)
  from space 512K,  61% used [0x04c50000, 0x04c9f4b8, 0x04cd0000)
  to   space 512K,   0% used [0x04cd0000, 0x04cd0000, 0x04d50000)
 tenured generation   total 10944K, used 884K [0x09d50000, 0x0a800000, 0x14800000)
   the space 10944K,   8% used [0x09d50000, 0x09e2d218, 0x09e2d400, 0x0a800000)
 Metaspace       used 4904K, capacity 5047K, committed 5120K, reserved 5504K
Event: 0.578 GC heap after
Heap after GC invocations=3 (full 0):
 def new generation   total 4928K, used 510K [0x04800000, 0x04d50000, 0x09d50000)
  eden space 4416K,   0% used [0x04800000, 0x04800000, 0x04c50000)
  from space 512K,  99% used [0x04cd0000, 0x04d4f910, 0x04d50000)
  to   space 512K,   0% used [0x04c50000, 0x04c50000, 0x04cd0000)
 tenured generation   total 10944K, used 1183K [0x09d50000, 0x0a800000, 0x14800000)
   the space 10944K,  10% used [0x09d50000, 0x09e77cd8, 0x09e77e00, 0x0a800000)
 Metaspace       used 4904K, capacity 5047K, committed 5120K, reserved 5504K
}
Event: 0.672 GC heap before
{Heap before GC invocations=3 (full 0):
 def new generation   total 4928K, used 4926K [0x04800000, 0x04d50000, 0x09d50000)
  eden space 4416K, 100% used [0x04800000, 0x04c50000, 0x04c50000)
  from space 512K,  99% used [0x04cd0000, 0x04d4f910, 0x04d50000)
  to   space 512K,   0% used [0x04c50000, 0x04c50000, 0x04cd0000)
 tenured generation   total 10944K, used 1183K [0x09d50000, 0x0a800000, 0x14800000)
   the space 10944K,  10% used [0x09d50000, 0x09e77cd8, 0x09e77e00, 0x0a800000)
 Metaspace       used 5282K, capacity 5463K, committed 5504K, reserved 5504K
Event: 0.674 GC heap after
Heap after GC invocations=4 (full 0):
 def new generation   total 4928K, used 464K [0x04800000, 0x04d50000, 0x09d50000)
  eden space 4416K,   0% used [0x04800000, 0x04800000, 0x04c50000)
  from space 512K,  90% used [0x04c50000, 0x04cc40c0, 0x04cd0000)
  to   space 512K,   0% used [0x04cd0000, 0x04cd0000, 0x04d50000)
 tenured generation   total 10944K, used 1570K [0x09d50000, 0x0a800000, 0x14800000)
   the space 10944K,  14% used [0x09d50000, 0x09ed8b80, 0x09ed8c00, 0x0a800000)
 Metaspace       used 5282K, capacity 5463K, committed 5504K, reserved 5504K
}
Event: 0.835 GC heap before
{Heap before GC invocations=4 (full 0):
 def new generation   total 4928K, used 4880K [0x04800000, 0x04d50000, 0x09d50000)
  eden space 4416K, 100% used [0x04800000, 0x04c50000, 0x04c50000)
  from space 512K,  90% used [0x04c50000, 0x04cc40c0, 0x04cd0000)
  to   space 512K,   0% used [0x04cd0000, 0x04cd0000, 0x04d50000)
 tenured generation   total 10944K, used 1570K [0x09d50000, 0x0a800000, 0x14800000)
   the space 10944K,  14% used [0x09d50000, 0x09ed8b80, 0x09ed8c00, 0x0a800000)
 Metaspace       used 5940K, capacity 6105K, committed 6144K, reserved 6528K
Event: 0.837 GC heap after
Heap after GC invocations=5 (full 0):
 def new generation   total 4928K, used 512K [0x04800000, 0x04d50000, 0x09d50000)
  eden space 4416K,   0% used [0x04800000, 0x04800000, 0x04c50000)
  from space 512K, 100% used [0x04cd0000, 0x04d50000, 0x04d50000)
  to   space 512K,   0% used [0x04c50000, 0x04c50000, 0x04cd0000)
 tenured generation   total 10944K, used 1881K [0x09d50000, 0x0a800000, 0x14800000)
   the space 10944K,  17% used [0x09d50000, 0x09f26600, 0x09f26600, 0x0a800000)
 Metaspace       used 5940K, capacity 6105K, committed 6144K, reserved 6528K
}
Event: 0.927 GC heap before
{Heap before GC invocations=5 (full 0):
 def new generation   total 4928K, used 4928K [0x04800000, 0x04d50000, 0x09d50000)
  eden space 4416K, 100% used [0x04800000, 0x04c50000, 0x04c50000)
  from space 512K, 100% used [0x04cd0000, 0x04d50000, 0x04d50000)
  to   space 512K,   0% used [0x04c50000, 0x04c50000, 0x04cd0000)
 tenured generation   total 10944K, used 1881K [0x09d50000, 0x0a800000, 0x14800000)
   the space 10944K,  17% used [0x09d50000, 0x09f26600, 0x09f26600, 0x0a800000)
 Metaspace       used 6582K, capacity 6785K, committed 6912K, reserved 7552K
Event: 0.930 GC heap after
Heap after GC invocations=6 (full 0):
 def new generation   total 4928K, used 507K [0x04800000, 0x04d50000, 0x09d50000)
  eden space 4416K,   0% used [0x04800000, 0x04800000, 0x04c50000)
  from space 512K,  99% used [0x04c50000, 0x04ccec98, 0x04cd0000)
  to   space 512K,   0% used [0x04cd0000, 0x04cd0000, 0x04d50000)
 tenured generation   total 10944K, used 2415K [0x09d50000, 0x0a800000, 0x14800000)
   the space 10944K,  22% used [0x09d50000, 0x09fabdc0, 0x09fabe00, 0x0a800000)
 Metaspace       used 6582K, capacity 6785K, committed 6912K, reserved 7552K
}

