# JRE version: Java(TM) SE Runtime Environment (8.0_151-b12) (build 1.8.0_151-b12)
# Java VM: Java HotSpot(TM) Client VM (25.151-b12 mixed mode windows-x86 )
Heap:
 def new generation   total 4928K, used 2859K [0x04400000, 0x04950000, 0x09950000)
  eden space 4416K,  53% used [0x04400000, 0x0464c100, 0x04850000)
  from space 512K,  99% used [0x04850000, 0x048ceca0, 0x048d0000)
  to   space 512K,   0% used [0x048d0000, 0x048d0000, 0x04950000)
 tenured generation   total 10944K, used 2387K [0x09950000, 0x0a400000, 0x14400000)
   the space 10944K,  21% used [0x09950000, 0x09ba4e40, 0x09ba5000, 0x0a400000)
 Metaspace       used 7123K, capacity 7329K, committed 7424K, reserved 7552K
GC Heap History (10 events):
Event: 0.566 GC heap before
{Heap before GC invocations=1 (full 0):
 def new generation   total 4928K, used 4928K [0x04400000, 0x04950000, 0x09950000)
  eden space 4416K, 100% used [0x04400000, 0x04850000, 0x04850000)
  from space 512K, 100% used [0x048d0000, 0x04950000, 0x04950000)
  to   space 512K,   0% used [0x04850000, 0x04850000, 0x048d0000)
 tenured generation   total 10944K, used 377K [0x09950000, 0x0a400000, 0x14400000)
   the space 10944K,   3% used [0x09950000, 0x099ae568, 0x099ae600, 0x0a400000)
 Metaspace       used 3660K, capacity 3803K, committed 3904K, reserved 4480K
Event: 0.568 GC heap after
Heap after GC invocations=2 (full 0):
 def new generation   total 4928K, used 317K [0x04400000, 0x04950000, 0x09950000)
  eden space 4416K,   0% used [0x04400000, 0x04400000, 0x04850000)
  from space 512K,  61% used [0x04850000, 0x0489f4b0, 0x048d0000)
  to   space 512K,   0% used [0x048d0000, 0x048d0000, 0x04950000)
 tenured generation   total 10944K, used 884K [0x09950000, 0x0a400000, 0x14400000)
   the space 10944K,   8% used [0x09950000, 0x09a2d228, 0x09a2d400, 0x0a400000)
 Metaspace       used 3660K, capacity 3803K, committed 3904K, reserved 4480K
}
Event: 0.706 GC heap before
{Heap before GC invocations=2 (full 0):
 def new generation   total 4928K, used 4733K [0x04400000, 0x04950000, 0x09950000)
  eden space 4416K, 100% used [0x04400000, 0x04850000, 0x04850000)
  from space 512K,  61% used [0x04850000, 0x0489f4b0, 0x048d0000)
  to   space 512K,   0% used [0x048d0000, 0x048d0000, 0x04950000)
 tenured generation   total 10944K, used 884K [0x09950000, 0x0a400000, 0x14400000)
   the space 10944K,   8% used [0x09950000, 0x09a2d228, 0x09a2d400, 0x0a400000)
 Metaspace       used 4906K, capacity 5047K, committed 5120K, reserved 5504K
Event: 0.708 GC heap after
Heap after GC invocations=3 (full 0):
 def new generation   total 4928K, used 511K [0x04400000, 0x04950000, 0x09950000)
  eden space 4416K,   0% used [0x04400000, 0x04400000, 0x04850000)
  from space 512K,  99% used [0x048d0000, 0x0494fff8, 0x04950000)
  to   space 512K,   0% used [0x04850000, 0x04850000, 0x048d0000)
 tenured generation   total 10944K, used 1166K [0x09950000, 0x0a400000, 0x14400000)
   the space 10944K,  10% used [0x09950000, 0x09a73898, 0x09a73a00, 0x0a400000)
 Metaspace       used 4906K, capacity 5047K, committed 5120K, reserved 5504K
}
Event: 0.793 GC heap before
{Heap before GC invocations=3 (full 0):
 def new generation   total 4928K, used 4927K [0x04400000, 0x04950000, 0x09950000)
  eden space 4416K, 100% used [0x04400000, 0x04850000, 0x04850000)
  from space 512K,  99% used [0x048d0000, 0x0494fff8, 0x04950000)
  to   space 512K,   0% used [0x04850000, 0x04850000, 0x048d0000)
 tenured generation   total 10944K, used 1166K [0x09950000, 0x0a400000, 0x14400000)
   the space 10944K,  10% used [0x09950000, 0x09a73898, 0x09a73a00, 0x0a400000)
 Metaspace       used 5278K, capacity 5463K, committed 5504K, reserved 5504K
Event: 0.795 GC heap after
Heap after GC invocations=4 (full 0):
 def new generation   total 4928K, used 472K [0x04400000, 0x04950000, 0x09950000)
  eden space 4416K,   0% used [0x04400000, 0x04400000, 0x04850000)
  from space 512K,  92% used [0x04850000, 0x048c6210, 0x048d0000)
  to   space 512K,   0% used [0x048d0000, 0x048d0000, 0x04950000)
 tenured generation   total 10944K, used 1543K [0x09950000, 0x0a400000, 0x14400000)
   the space 10944K,  14% used [0x09950000, 0x09ad1c08, 0x09ad1e00, 0x0a400000)
 Metaspace       used 5278K, capacity 5463K, committed 5504K, reserved 5504K
}
Event: 0.964 GC heap before
{Heap before GC invocations=4 (full 0):
 def new generation   total 4928K, used 4888K [0x04400000, 0x04950000, 0x09950000)
  eden space 4416K, 100% used [0x04400000, 0x04850000, 0x04850000)
  from space 512K,  92% used [0x04850000, 0x048c6210, 0x048d0000)
  to   space 512K,   0% used [0x048d0000, 0x048d0000, 0x04950000)
 tenured generation   total 10944K, used 1543K [0x09950000, 0x0a400000, 0x14400000)
   the space 10944K,  14% used [0x09950000, 0x09ad1c08, 0x09ad1e00, 0x0a400000)
 Metaspace       used 5935K, capacity 6105K, committed 6144K, reserved 6528K
Event: 0.966 GC heap after
Heap after GC invocations=5 (full 0):
 def new generation   total 4928K, used 512K [0x04400000, 0x04950000, 0x09950000)
  eden space 4416K,   0% used [0x04400000, 0x04400000, 0x04850000)
  from space 512K, 100% used [0x048d0000, 0x04950000, 0x04950000)
  to   space 512K,   0% used [0x04850000, 0x04850000, 0x048d0000)
 tenured generation   total 10944K, used 1852K [0x09950000, 0x0a400000, 0x14400000)
   the space 10944K,  16% used [0x09950000, 0x09b1f3a0, 0x09b1f400, 0x0a400000)
 Metaspace       used 5935K, capacity 6105K, committed 6144K, reserved 6528K
}
Event: 1.060 GC heap before
{Heap before GC invocations=5 (full 0):
 def new generation   total 4928K, used 4928K [0x04400000, 0x04950000, 0x09950000)
  eden space 4416K, 100% used [0x04400000, 0x04850000, 0x04850000)
  from space 512K, 100% used [0x048d0000, 0x04950000, 0x04950000)
  to   space 512K,   0% used [0x04850000, 0x04850000, 0x048d0000)
 tenured generation   total 10944K, used 1852K [0x09950000, 0x0a400000, 0x14400000)
   the space 10944K,  16% used [0x09950000, 0x09b1f3a0, 0x09b1f400, 0x0a400000)
 Metaspace       used 6577K, capacity 6753K, committed 6784K, reserved 7552K
Event: 1.063 GC heap after
Heap after GC invocations=6 (full 0):
 def new generation   total 4928K, used 507K [0x04400000, 0x04950000, 0x09950000)
  eden space 4416K,   0% used [0x04400000, 0x04400000, 0x04850000)
  from space 512K,  99% used [0x04850000, 0x048ceca0, 0x048d0000)
  to   space 512K,   0% used [0x048d0000, 0x048d0000, 0x04950000)
 tenured generation   total 10944K, used 2387K [0x09950000, 0x0a400000, 0x14400000)
   the space 10944K,  21% used [0x09950000, 0x09ba4e40, 0x09ba5000, 0x0a400000)
 Metaspace       used 6577K, capacity 6753K, committed 6784K, reserved 7552K
}

